[21:56:53] [main/INFO]: Environment: authHost='https://authserver.mojang.com', accountsHost='https://api.mojang.com', sessionHost='https://sessionserver.mojang.com', servicesHost='https://api.minecraftservices.com', name='PROD'
[21:56:54] [main/WARN]: Ambiguity between arguments [teleport, location] and [teleport, destination] with inputs: [0.1 -0.5 .9, 0 0 0]
[21:56:54] [main/WARN]: Ambiguity between arguments [teleport, location] and [teleport, targets] with inputs: [0.1 -0.5 .9, 0 0 0]
[21:56:54] [main/WARN]: Ambiguity between arguments [teleport, destination] and [teleport, targets] with inputs: [Player, 0123, @e, dd12be42-52a9-4a91-a8a1-11c01849e498]
[21:56:54] [main/WARN]: Ambiguity between arguments [teleport, targets] and [teleport, destination] with inputs: [Player, 0123, dd12be42-52a9-4a91-a8a1-11c01849e498]
[21:56:54] [main/WARN]: Ambiguity between arguments [teleport, targets, location] and [teleport, targets, destination] with inputs: [0.1 -0.5 .9, 0 0 0]
[21:56:54] [main/INFO]: Reloading ResourceManager: Default
[21:56:56] [Worker-Main-10/INFO]: Loaded 7 recipes
[21:56:57] [Worker-Main-10/INFO]: Loaded 1137 advancements
[21:57:03] [Server thread/INFO]: Starting minecraft server version 1.17.1
[21:57:03] [Server thread/INFO]: Loading properties
[21:57:03] [Server thread/INFO]: Default game type: SURVIVAL
[21:57:03] [Server thread/INFO]: Generating keypair
[21:57:03] [Server thread/INFO]: Starting Minecraft server on *:25565
[21:57:03] [Server thread/INFO]: Using default channel type
[21:57:05] [Server thread/INFO]: Preparing level "world"
[21:57:05] [Server thread/INFO]: Preparing start region for dimension minecraft:overworld
[21:57:06] [Worker-Main-14/INFO]: Preparing spawn area: 0%
[21:57:16] [Worker-Main-13/INFO]: Preparing spawn area: 0%
[21:57:16] [Worker-Main-13/INFO]: Preparing spawn area: 0%
[21:57:16] [Worker-Main-9/INFO]: Preparing spawn area: 0%
[21:57:16] [Worker-Main-13/INFO]: Preparing spawn area: 0%
[21:57:16] [Worker-Main-10/INFO]: Preparing spawn area: 0%
[21:57:16] [Worker-Main-13/INFO]: Preparing spawn area: 0%
[21:57:16] [Worker-Main-10/INFO]: Preparing spawn area: 0%
[21:57:16] [Worker-Main-13/INFO]: Preparing spawn area: 0%
[21:57:16] [Worker-Main-10/INFO]: Preparing spawn area: 0%
[21:57:16] [Worker-Main-10/INFO]: Preparing spawn area: 0%
[21:57:16] [Worker-Main-13/INFO]: Preparing spawn area: 0%
[21:57:16] [Worker-Main-10/INFO]: Preparing spawn area: 0%
[21:57:16] [Worker-Main-13/INFO]: Preparing spawn area: 0%
[21:57:16] [Worker-Main-10/INFO]: Preparing spawn area: 0%
[21:57:16] [Worker-Main-13/INFO]: Preparing spawn area: 0%
[21:57:16] [Worker-Main-10/INFO]: Preparing spawn area: 0%
[21:57:16] [Worker-Main-13/INFO]: Preparing spawn area: 0%
[21:57:16] [Worker-Main-10/INFO]: Preparing spawn area: 0%
[21:57:16] [Worker-Main-13/INFO]: Preparing spawn area: 0%
[21:57:16] [Worker-Main-10/INFO]: Preparing spawn area: 0%
[21:57:16] [Worker-Main-10/INFO]: Preparing spawn area: 0%
[21:57:16] [Worker-Main-12/INFO]: Preparing spawn area: 4%
[21:57:17] [Worker-Main-10/INFO]: Preparing spawn area: 25%
[21:57:18] [Worker-Main-8/INFO]: Preparing spawn area: 42%
[21:57:18] [Worker-Main-14/INFO]: Preparing spawn area: 58%
[21:57:18] [Worker-Main-8/INFO]: Preparing spawn area: 67%
[21:57:19] [Worker-Main-13/INFO]: Preparing spawn area: 68%
[21:57:19] [Worker-Main-11/INFO]: Preparing spawn area: 69%
[21:57:20] [Worker-Main-14/INFO]: Preparing spawn area: 71%
[21:57:20] [Worker-Main-12/INFO]: Preparing spawn area: 73%
[21:57:21] [Worker-Main-9/INFO]: Preparing spawn area: 79%
[21:57:21] [Worker-Main-13/INFO]: Preparing spawn area: 83%
[21:57:22] [Worker-Main-10/INFO]: Preparing spawn area: 83%
[21:57:22] [Worker-Main-11/INFO]: Preparing spawn area: 83%
[21:57:23] [Worker-Main-11/INFO]: Preparing spawn area: 84%
[21:57:23] [Worker-Main-11/INFO]: Preparing spawn area: 84%
[21:57:24] [Worker-Main-14/INFO]: Preparing spawn area: 88%
[21:57:25] [Worker-Main-11/INFO]: Preparing spawn area: 88%
[21:57:25] [Worker-Main-9/INFO]: Preparing spawn area: 94%
[21:57:25] [Server thread/INFO]: Time elapsed: 20156 ms
[21:57:25] [Server thread/INFO]: Done (20.382s)! For help, type "help"
[22:04:21] [Server thread/INFO]: Unknown or incomplete command, see below for error
[22:04:21] [Server thread/INFO]: sus<--[HERE]
[22:04:27] [Server thread/INFO]: Unknown or incomplete command, see below for error
[22:04:27] [Server thread/INFO]: mogus<--[HERE]
[22:08:58] [Server thread/INFO]: Unknown or incomplete command, see below for error
[22:08:58] [Server thread/INFO]: asy<--[HERE]
[22:09:10] [Server thread/INFO]: [Server] mogus sus
[22:09:27] [Server thread/INFO]: Stopping server
[22:09:27] [Server thread/INFO]: Saving players
[22:09:27] [Server thread/INFO]: Saving worlds
[22:09:27] [Server thread/INFO]: Saving chunks for level 'ServerLevel[world]'/minecraft:overworld
[22:09:27] [Server thread/INFO]: Saving chunks for level 'ServerLevel[world]'/minecraft:the_nether
[22:09:27] [Server thread/INFO]: Saving chunks for level 'ServerLevel[world]'/minecraft:the_end
[22:09:27] [Server thread/INFO]: ThreadedAnvilChunkStorage (world): All chunks are saved
[22:09:27] [Server thread/INFO]: ThreadedAnvilChunkStorage (DIM-1): All chunks are saved
[22:09:27] [Server thread/INFO]: ThreadedAnvilChunkStorage (DIM1): All chunks are saved
[22:09:27] [Server thread/INFO]: ThreadedAnvilChunkStorage: All dimensions are saved
